<?xml version="1.0" encoding="UTF-8"?>
<testng-results skipped="0" failed="0" ignored="0" total="1" passed="1">
  <reporter-output>
  </reporter-output>
  <suite name="Suite" duration-ms="7819" started-at="2019-07-15T22:46:52Z" finished-at="2019-07-15T22:47:00Z">
    <groups>
    </groups>
    <test name="Test" duration-ms="7819" started-at="2019-07-15T22:46:52Z" finished-at="2019-07-15T22:47:00Z">
      <class name="stepdefinition_weight_watchers.SharedSD2">
        <test-method status="PASS" signature="before()[pri:0, instance:stepdefinition_weight_watchers.SharedSD2@3506d826]" name="before" duration-ms="7773" started-at="2019-07-15T18:46:52Z" finished-at="2019-07-15T18:47:00Z">
          <reporter-output>
          </reporter-output>
        </test-method> <!-- before -->
      </class> <!-- stepdefinition_weight_watchers.SharedSD2 -->
    </test> <!-- Test -->
  </suite> <!-- Suite -->
</testng-results>
